The system is: Linux - 4.15.0-136-generic - x86_64
Compiling the C compiler identification source file "CMakeCCompilerId.c" succeeded.
Compiler: /usr/bin/x86_64-linux-gnu-gcc-5 
Build flags: 
Id flags: 

The output was:
0


Compilation of the C compiler identification source "CMakeCCompilerId.c" produced "a.out"

The C compiler identification is GNU, found in "/home/hadoop/Bjz_workplace/srsLTE-github/srsLTE-vscode/build/CMakeFiles/3.5.1/CompilerIdC/a.out"

Compiling the CXX compiler identification source file "CMakeCXXCompilerId.cpp" succeeded.
Compiler: /usr/bin/x86_64-linux-gnu-g++-5 
Build flags: 
Id flags: 

The output was:
0


Compilation of the CXX compiler identification source "CMakeCXXCompilerId.cpp" produced "a.out"

The CXX compiler identification is GNU, found in "/home/hadoop/Bjz_workplace/srsLTE-github/srsLTE-vscode/build/CMakeFiles/3.5.1/CompilerIdCXX/a.out"

Determining if the C compiler works passed with the following output:
Change Dir: /home/hadoop/Bjz_workplace/srsLTE-github/srsLTE-vscode/build/CMakeFiles/CMakeTmp

Run Build Command:"/usr/bin/make" "cmTC_39520/fast"
/usr/bin/make -f CMakeFiles/cmTC_39520.dir/build.make CMakeFiles/cmTC_39520.dir/build
make[1]: Entering directory '/home/hadoop/Bjz_workplace/srsLTE-github/srsLTE-vscode/build/CMakeFiles/CMakeTmp'
Building C object CMakeFiles/cmTC_39520.dir/testCCompiler.c.o
/usr/bin/x86_64-linux-gnu-gcc-5     -o CMakeFiles/cmTC_39520.dir/testCCompiler.c.o   -c /home/hadoop/Bjz_workplace/srsLTE-github/srsLTE-vscode/build/CMakeFiles/CMakeTmp/testCCompiler.c
Linking C executable cmTC_39520
/usr/bin/cmake -E cmake_link_script CMakeFiles/cmTC_39520.dir/link.txt --verbose=1
/usr/bin/x86_64-linux-gnu-gcc-5       CMakeFiles/cmTC_39520.dir/testCCompiler.c.o  -o cmTC_39520 -rdynamic 
make[1]: Leaving directory '/home/hadoop/Bjz_workplace/srsLTE-github/srsLTE-vscode/build/CMakeFiles/CMakeTmp'


Detecting C compiler ABI info compiled with the following output:
Change Dir: /home/hadoop/Bjz_workplace/srsLTE-github/srsLTE-vscode/build/CMakeFiles/CMakeTmp

Run Build Command:"/usr/bin/make" "cmTC_bc0a5/fast"
/usr/bin/make -f CMakeFiles/cmTC_bc0a5.dir/build.make CMakeFiles/cmTC_bc0a5.dir/build
make[1]: Entering directory '/home/hadoop/Bjz_workplace/srsLTE-github/srsLTE-vscode/build/CMakeFiles/CMakeTmp'
Building C object CMakeFiles/cmTC_bc0a5.dir/CMakeCCompilerABI.c.o
/usr/bin/x86_64-linux-gnu-gcc-5     -o CMakeFiles/cmTC_bc0a5.dir/CMakeCCompilerABI.c.o   -c /usr/share/cmake-3.5/Modules/CMakeCCompilerABI.c
Linking C executable cmTC_bc0a5
/usr/bin/cmake -E cmake_link_script CMakeFiles/cmTC_bc0a5.dir/link.txt --verbose=1
/usr/bin/x86_64-linux-gnu-gcc-5      -v CMakeFiles/cmTC_bc0a5.dir/CMakeCCompilerABI.c.o  -o cmTC_bc0a5 -rdynamic  
Using built-in specs.
COLLECT_GCC=/usr/bin/x86_64-linux-gnu-gcc-5
COLLECT_LTO_WRAPPER=/usr/lib/gcc/x86_64-linux-gnu/5/lto-wrapper
Target: x86_64-linux-gnu
Configured with: ../src/configure -v --with-pkgversion='Ubuntu 5.4.0-6ubuntu1~16.04.12' --with-bugurl=file:///usr/share/doc/gcc-5/README.Bugs --enable-languages=c,ada,c++,java,go,d,fortran,objc,obj-c++ --prefix=/usr --program-suffix=-5 --enable-shared --enable-linker-build-id --libexecdir=/usr/lib --without-included-gettext --enable-threads=posix --libdir=/usr/lib --enable-nls --with-sysroot=/ --enable-clocale=gnu --enable-libstdcxx-debug --enable-libstdcxx-time=yes --with-default-libstdcxx-abi=new --enable-gnu-unique-object --disable-vtable-verify --enable-libmpx --enable-plugin --with-system-zlib --disable-browser-plugin --enable-java-awt=gtk --enable-gtk-cairo --with-java-home=/usr/lib/jvm/java-1.5.0-gcj-5-amd64/jre --enable-java-home --with-jvm-root-dir=/usr/lib/jvm/java-1.5.0-gcj-5-amd64 --with-jvm-jar-dir=/usr/lib/jvm-exports/java-1.5.0-gcj-5-amd64 --with-arch-directory=amd64 --with-ecj-jar=/usr/share/java/eclipse-ecj.jar --enable-objc-gc --enable-multiarch --disable-werror --with-arch-32=i686 --with-abi=m64 --with-multilib-list=m32,m64,mx32 --enable-multilib --with-tune=generic --enable-checking=release --build=x86_64-linux-gnu --host=x86_64-linux-gnu --target=x86_64-linux-gnu
Thread model: posix
gcc version 5.4.0 20160609 (Ubuntu 5.4.0-6ubuntu1~16.04.12) 
COMPILER_PATH=/usr/lib/gcc/x86_64-linux-gnu/5/:/usr/lib/gcc/x86_64-linux-gnu/5/:/usr/lib/gcc/x86_64-linux-gnu/:/usr/lib/gcc/x86_64-linux-gnu/5/:/usr/lib/gcc/x86_64-linux-gnu/
LIBRARY_PATH=/usr/lib/gcc/x86_64-linux-gnu/5/:/usr/lib/gcc/x86_64-linux-gnu/5/../../../x86_64-linux-gnu/:/usr/lib/gcc/x86_64-linux-gnu/5/../../../../lib/:/lib/x86_64-linux-gnu/:/lib/../lib/:/usr/lib/x86_64-linux-gnu/:/usr/lib/../lib/:/usr/lib/gcc/x86_64-linux-gnu/5/../../../:/lib/:/usr/lib/
COLLECT_GCC_OPTIONS='-v' '-o' 'cmTC_bc0a5' '-rdynamic' '-mtune=generic' '-march=x86-64'
 /usr/lib/gcc/x86_64-linux-gnu/5/collect2 -plugin /usr/lib/gcc/x86_64-linux-gnu/5/liblto_plugin.so -plugin-opt=/usr/lib/gcc/x86_64-linux-gnu/5/lto-wrapper -plugin-opt=-fresolution=/tmp/ccKpIU5a.res -plugin-opt=-pass-through=-lgcc -plugin-opt=-pass-through=-lgcc_s -plugin-opt=-pass-through=-lc -plugin-opt=-pass-through=-lgcc -plugin-opt=-pass-through=-lgcc_s --sysroot=/ --build-id --eh-frame-hdr -m elf_x86_64 --hash-style=gnu --as-needed -export-dynamic -dynamic-linker /lib64/ld-linux-x86-64.so.2 -z relro -o cmTC_bc0a5 /usr/lib/gcc/x86_64-linux-gnu/5/../../../x86_64-linux-gnu/crt1.o /usr/lib/gcc/x86_64-linux-gnu/5/../../../x86_64-linux-gnu/crti.o /usr/lib/gcc/x86_64-linux-gnu/5/crtbegin.o -L/usr/lib/gcc/x86_64-linux-gnu/5 -L/usr/lib/gcc/x86_64-linux-gnu/5/../../../x86_64-linux-gnu -L/usr/lib/gcc/x86_64-linux-gnu/5/../../../../lib -L/lib/x86_64-linux-gnu -L/lib/../lib -L/usr/lib/x86_64-linux-gnu -L/usr/lib/../lib -L/usr/lib/gcc/x86_64-linux-gnu/5/../../.. CMakeFiles/cmTC_bc0a5.dir/CMakeCCompilerABI.c.o -lgcc --as-needed -lgcc_s --no-as-needed -lc -lgcc --as-needed -lgcc_s --no-as-needed /usr/lib/gcc/x86_64-linux-gnu/5/crtend.o /usr/lib/gcc/x86_64-linux-gnu/5/../../../x86_64-linux-gnu/crtn.o
make[1]: Leaving directory '/home/hadoop/Bjz_workplace/srsLTE-github/srsLTE-vscode/build/CMakeFiles/CMakeTmp'


Parsed C implicit link information from above output:
  link line regex: [^( *|.*[/\])(ld|([^/\]+-)?ld|collect2)[^/\]*( |$)]
  ignore line: [Change Dir: /home/hadoop/Bjz_workplace/srsLTE-github/srsLTE-vscode/build/CMakeFiles/CMakeTmp]
  ignore line: []
  ignore line: [Run Build Command:"/usr/bin/make" "cmTC_bc0a5/fast"]
  ignore line: [/usr/bin/make -f CMakeFiles/cmTC_bc0a5.dir/build.make CMakeFiles/cmTC_bc0a5.dir/build]
  ignore line: [make[1]: Entering directory '/home/hadoop/Bjz_workplace/srsLTE-github/srsLTE-vscode/build/CMakeFiles/CMakeTmp']
  ignore line: [Building C object CMakeFiles/cmTC_bc0a5.dir/CMakeCCompilerABI.c.o]
  ignore line: [/usr/bin/x86_64-linux-gnu-gcc-5     -o CMakeFiles/cmTC_bc0a5.dir/CMakeCCompilerABI.c.o   -c /usr/share/cmake-3.5/Modules/CMakeCCompilerABI.c]
  ignore line: [Linking C executable cmTC_bc0a5]
  ignore line: [/usr/bin/cmake -E cmake_link_script CMakeFiles/cmTC_bc0a5.dir/link.txt --verbose=1]
  ignore line: [/usr/bin/x86_64-linux-gnu-gcc-5      -v CMakeFiles/cmTC_bc0a5.dir/CMakeCCompilerABI.c.o  -o cmTC_bc0a5 -rdynamic  ]
  ignore line: [Using built-in specs.]
  ignore line: [COLLECT_GCC=/usr/bin/x86_64-linux-gnu-gcc-5]
  ignore line: [COLLECT_LTO_WRAPPER=/usr/lib/gcc/x86_64-linux-gnu/5/lto-wrapper]
  ignore line: [Target: x86_64-linux-gnu]
  ignore line: [Configured with: ../src/configure -v --with-pkgversion='Ubuntu 5.4.0-6ubuntu1~16.04.12' --with-bugurl=file:///usr/share/doc/gcc-5/README.Bugs --enable-languages=c,ada,c++,java,go,d,fortran,objc,obj-c++ --prefix=/usr --program-suffix=-5 --enable-shared --enable-linker-build-id --libexecdir=/usr/lib --without-included-gettext --enable-threads=posix --libdir=/usr/lib --enable-nls --with-sysroot=/ --enable-clocale=gnu --enable-libstdcxx-debug --enable-libstdcxx-time=yes --with-default-libstdcxx-abi=new --enable-gnu-unique-object --disable-vtable-verify --enable-libmpx --enable-plugin --with-system-zlib --disable-browser-plugin --enable-java-awt=gtk --enable-gtk-cairo --with-java-home=/usr/lib/jvm/java-1.5.0-gcj-5-amd64/jre --enable-java-home --with-jvm-root-dir=/usr/lib/jvm/java-1.5.0-gcj-5-amd64 --with-jvm-jar-dir=/usr/lib/jvm-exports/java-1.5.0-gcj-5-amd64 --with-arch-directory=amd64 --with-ecj-jar=/usr/share/java/eclipse-ecj.jar --enable-objc-gc --enable-multiarch --disable-werror --with-arch-32=i686 --with-abi=m64 --with-multilib-list=m32,m64,mx32 --enable-multilib --with-tune=generic --enable-checking=release --build=x86_64-linux-gnu --host=x86_64-linux-gnu --target=x86_64-linux-gnu]
  ignore line: [Thread model: posix]
  ignore line: [gcc version 5.4.0 20160609 (Ubuntu 5.4.0-6ubuntu1~16.04.12) ]
  ignore line: [COMPILER_PATH=/usr/lib/gcc/x86_64-linux-gnu/5/:/usr/lib/gcc/x86_64-linux-gnu/5/:/usr/lib/gcc/x86_64-linux-gnu/:/usr/lib/gcc/x86_64-linux-gnu/5/:/usr/lib/gcc/x86_64-linux-gnu/]
  ignore line: [LIBRARY_PATH=/usr/lib/gcc/x86_64-linux-gnu/5/:/usr/lib/gcc/x86_64-linux-gnu/5/../../../x86_64-linux-gnu/:/usr/lib/gcc/x86_64-linux-gnu/5/../../../../lib/:/lib/x86_64-linux-gnu/:/lib/../lib/:/usr/lib/x86_64-linux-gnu/:/usr/lib/../lib/:/usr/lib/gcc/x86_64-linux-gnu/5/../../../:/lib/:/usr/lib/]
  ignore line: [COLLECT_GCC_OPTIONS='-v' '-o' 'cmTC_bc0a5' '-rdynamic' '-mtune=generic' '-march=x86-64']
  link line: [ /usr/lib/gcc/x86_64-linux-gnu/5/collect2 -plugin /usr/lib/gcc/x86_64-linux-gnu/5/liblto_plugin.so -plugin-opt=/usr/lib/gcc/x86_64-linux-gnu/5/lto-wrapper -plugin-opt=-fresolution=/tmp/ccKpIU5a.res -plugin-opt=-pass-through=-lgcc -plugin-opt=-pass-through=-lgcc_s -plugin-opt=-pass-through=-lc -plugin-opt=-pass-through=-lgcc -plugin-opt=-pass-through=-lgcc_s --sysroot=/ --build-id --eh-frame-hdr -m elf_x86_64 --hash-style=gnu --as-needed -export-dynamic -dynamic-linker /lib64/ld-linux-x86-64.so.2 -z relro -o cmTC_bc0a5 /usr/lib/gcc/x86_64-linux-gnu/5/../../../x86_64-linux-gnu/crt1.o /usr/lib/gcc/x86_64-linux-gnu/5/../../../x86_64-linux-gnu/crti.o /usr/lib/gcc/x86_64-linux-gnu/5/crtbegin.o -L/usr/lib/gcc/x86_64-linux-gnu/5 -L/usr/lib/gcc/x86_64-linux-gnu/5/../../../x86_64-linux-gnu -L/usr/lib/gcc/x86_64-linux-gnu/5/../../../../lib -L/lib/x86_64-linux-gnu -L/lib/../lib -L/usr/lib/x86_64-linux-gnu -L/usr/lib/../lib -L/usr/lib/gcc/x86_64-linux-gnu/5/../../.. CMakeFiles/cmTC_bc0a5.dir/CMakeCCompilerABI.c.o -lgcc --as-needed -lgcc_s --no-as-needed -lc -lgcc --as-needed -lgcc_s --no-as-needed /usr/lib/gcc/x86_64-linux-gnu/5/crtend.o /usr/lib/gcc/x86_64-linux-gnu/5/../../../x86_64-linux-gnu/crtn.o]
    arg [/usr/lib/gcc/x86_64-linux-gnu/5/collect2] ==> ignore
    arg [-plugin] ==> ignore
    arg [/usr/lib/gcc/x86_64-linux-gnu/5/liblto_plugin.so] ==> ignore
    arg [-plugin-opt=/usr/lib/gcc/x86_64-linux-gnu/5/lto-wrapper] ==> ignore
    arg [-plugin-opt=-fresolution=/tmp/ccKpIU5a.res] ==> ignore
    arg [-plugin-opt=-pass-through=-lgcc] ==> ignore
    arg [-plugin-opt=-pass-through=-lgcc_s] ==> ignore
    arg [-plugin-opt=-pass-through=-lc] ==> ignore
    arg [-plugin-opt=-pass-through=-lgcc] ==> ignore
    arg [-plugin-opt=-pass-through=-lgcc_s] ==> ignore
    arg [--sysroot=/] ==> ignore
    arg [--build-id] ==> ignore
    arg [--eh-frame-hdr] ==> ignore
    arg [-m] ==> ignore
    arg [elf_x86_64] ==> ignore
    arg [--hash-style=gnu] ==> ignore
    arg [--as-needed] ==> ignore
    arg [-export-dynamic] ==> ignore
    arg [-dynamic-linker] ==> ignore
    arg [/lib64/ld-linux-x86-64.so.2] ==> ignore
    arg [-zrelro] ==> ignore
    arg [-o] ==> ignore
    arg [cmTC_bc0a5] ==> ignore
    arg [/usr/lib/gcc/x86_64-linux-gnu/5/../../../x86_64-linux-gnu/crt1.o] ==> ignore
    arg [/usr/lib/gcc/x86_64-linux-gnu/5/../../../x86_64-linux-gnu/crti.o] ==> ignore
    arg [/usr/lib/gcc/x86_64-linux-gnu/5/crtbegin.o] ==> ignore
    arg [-L/usr/lib/gcc/x86_64-linux-gnu/5] ==> dir [/usr/lib/gcc/x86_64-linux-gnu/5]
    arg [-L/usr/lib/gcc/x86_64-linux-gnu/5/../../../x86_64-linux-gnu] ==> dir [/usr/lib/gcc/x86_64-linux-gnu/5/../../../x86_64-linux-gnu]
    arg [-L/usr/lib/gcc/x86_64-linux-gnu/5/../../../../lib] ==> dir [/usr/lib/gcc/x86_64-linux-gnu/5/../../../../lib]
    arg [-L/lib/x86_64-linux-gnu] ==> dir [/lib/x86_64-linux-gnu]
    arg [-L/lib/../lib] ==> dir [/lib/../lib]
    arg [-L/usr/lib/x86_64-linux-gnu] ==> dir [/usr/lib/x86_64-linux-gnu]
    arg [-L/usr/lib/../lib] ==> dir [/usr/lib/../lib]
    arg [-L/usr/lib/gcc/x86_64-linux-gnu/5/../../..] ==> dir [/usr/lib/gcc/x86_64-linux-gnu/5/../../..]
    arg [CMakeFiles/cmTC_bc0a5.dir/CMakeCCompilerABI.c.o] ==> ignore
    arg [-lgcc] ==> lib [gcc]
    arg [--as-needed] ==> ignore
    arg [-lgcc_s] ==> lib [gcc_s]
    arg [--no-as-needed] ==> ignore
    arg [-lc] ==> lib [c]
    arg [-lgcc] ==> lib [gcc]
    arg [--as-needed] ==> ignore
    arg [-lgcc_s] ==> lib [gcc_s]
    arg [--no-as-needed] ==> ignore
    arg [/usr/lib/gcc/x86_64-linux-gnu/5/crtend.o] ==> ignore
    arg [/usr/lib/gcc/x86_64-linux-gnu/5/../../../x86_64-linux-gnu/crtn.o] ==> ignore
  remove lib [gcc]
  remove lib [gcc_s]
  remove lib [gcc]
  remove lib [gcc_s]
  collapse library dir [/usr/lib/gcc/x86_64-linux-gnu/5] ==> [/usr/lib/gcc/x86_64-linux-gnu/5]
  collapse library dir [/usr/lib/gcc/x86_64-linux-gnu/5/../../../x86_64-linux-gnu] ==> [/usr/lib/x86_64-linux-gnu]
  collapse library dir [/usr/lib/gcc/x86_64-linux-gnu/5/../../../../lib] ==> [/usr/lib]
  collapse library dir [/lib/x86_64-linux-gnu] ==> [/lib/x86_64-linux-gnu]
  collapse library dir [/lib/../lib] ==> [/lib]
  collapse library dir [/usr/lib/x86_64-linux-gnu] ==> [/usr/lib/x86_64-linux-gnu]
  collapse library dir [/usr/lib/../lib] ==> [/usr/lib]
  collapse library dir [/usr/lib/gcc/x86_64-linux-gnu/5/../../..] ==> [/usr/lib]
  implicit libs: [c]
  implicit dirs: [/usr/lib/gcc/x86_64-linux-gnu/5;/usr/lib/x86_64-linux-gnu;/usr/lib;/lib/x86_64-linux-gnu;/lib]
  implicit fwks: []




Detecting C [-std=c11] compiler features compiled with the following output:
Change Dir: /home/hadoop/Bjz_workplace/srsLTE-github/srsLTE-vscode/build/CMakeFiles/CMakeTmp

Run Build Command:"/usr/bin/make" "cmTC_9ce56/fast"
/usr/bin/make -f CMakeFiles/cmTC_9ce56.dir/build.make CMakeFiles/cmTC_9ce56.dir/build
make[1]: Entering directory '/home/hadoop/Bjz_workplace/srsLTE-github/srsLTE-vscode/build/CMakeFiles/CMakeTmp'
Building C object CMakeFiles/cmTC_9ce56.dir/feature_tests.c.o
/usr/bin/x86_64-linux-gnu-gcc-5    -std=c11 -o CMakeFiles/cmTC_9ce56.dir/feature_tests.c.o   -c /home/hadoop/Bjz_workplace/srsLTE-github/srsLTE-vscode/build/CMakeFiles/feature_tests.c
Linking C executable cmTC_9ce56
/usr/bin/cmake -E cmake_link_script CMakeFiles/cmTC_9ce56.dir/link.txt --verbose=1
/usr/bin/x86_64-linux-gnu-gcc-5       CMakeFiles/cmTC_9ce56.dir/feature_tests.c.o  -o cmTC_9ce56 -rdynamic 
make[1]: Leaving directory '/home/hadoop/Bjz_workplace/srsLTE-github/srsLTE-vscode/build/CMakeFiles/CMakeTmp'


    Feature record: C_FEATURE:1c_function_prototypes
    Feature record: C_FEATURE:1c_restrict
    Feature record: C_FEATURE:1c_static_assert
    Feature record: C_FEATURE:1c_variadic_macros


Detecting C [-std=c99] compiler features compiled with the following output:
Change Dir: /home/hadoop/Bjz_workplace/srsLTE-github/srsLTE-vscode/build/CMakeFiles/CMakeTmp

Run Build Command:"/usr/bin/make" "cmTC_30c57/fast"
/usr/bin/make -f CMakeFiles/cmTC_30c57.dir/build.make CMakeFiles/cmTC_30c57.dir/build
make[1]: Entering directory '/home/hadoop/Bjz_workplace/srsLTE-github/srsLTE-vscode/build/CMakeFiles/CMakeTmp'
Building C object CMakeFiles/cmTC_30c57.dir/feature_tests.c.o
/usr/bin/x86_64-linux-gnu-gcc-5    -std=c99 -o CMakeFiles/cmTC_30c57.dir/feature_tests.c.o   -c /home/hadoop/Bjz_workplace/srsLTE-github/srsLTE-vscode/build/CMakeFiles/feature_tests.c
Linking C executable cmTC_30c57
/usr/bin/cmake -E cmake_link_script CMakeFiles/cmTC_30c57.dir/link.txt --verbose=1
/usr/bin/x86_64-linux-gnu-gcc-5       CMakeFiles/cmTC_30c57.dir/feature_tests.c.o  -o cmTC_30c57 -rdynamic 
make[1]: Leaving directory '/home/hadoop/Bjz_workplace/srsLTE-github/srsLTE-vscode/build/CMakeFiles/CMakeTmp'


    Feature record: C_FEATURE:1c_function_prototypes
    Feature record: C_FEATURE:1c_restrict
    Feature record: C_FEATURE:0c_static_assert
    Feature record: C_FEATURE:1c_variadic_macros


Detecting C [-std=c90] compiler features compiled with the following output:
Change Dir: /home/hadoop/Bjz_workplace/srsLTE-github/srsLTE-vscode/build/CMakeFiles/CMakeTmp

Run Build Command:"/usr/bin/make" "cmTC_5300b/fast"
/usr/bin/make -f CMakeFiles/cmTC_5300b.dir/build.make CMakeFiles/cmTC_5300b.dir/build
make[1]: Entering directory '/home/hadoop/Bjz_workplace/srsLTE-github/srsLTE-vscode/build/CMakeFiles/CMakeTmp'
Building C object CMakeFiles/cmTC_5300b.dir/feature_tests.c.o
/usr/bin/x86_64-linux-gnu-gcc-5    -std=c90 -o CMakeFiles/cmTC_5300b.dir/feature_tests.c.o   -c /home/hadoop/Bjz_workplace/srsLTE-github/srsLTE-vscode/build/CMakeFiles/feature_tests.c
Linking C executable cmTC_5300b
/usr/bin/cmake -E cmake_link_script CMakeFiles/cmTC_5300b.dir/link.txt --verbose=1
/usr/bin/x86_64-linux-gnu-gcc-5       CMakeFiles/cmTC_5300b.dir/feature_tests.c.o  -o cmTC_5300b -rdynamic 
make[1]: Leaving directory '/home/hadoop/Bjz_workplace/srsLTE-github/srsLTE-vscode/build/CMakeFiles/CMakeTmp'


    Feature record: C_FEATURE:1c_function_prototypes
    Feature record: C_FEATURE:0c_restrict
    Feature record: C_FEATURE:0c_static_assert
    Feature record: C_FEATURE:0c_variadic_macros
Determining if the CXX compiler works passed with the following output:
Change Dir: /home/hadoop/Bjz_workplace/srsLTE-github/srsLTE-vscode/build/CMakeFiles/CMakeTmp

Run Build Command:"/usr/bin/make" "cmTC_4f88b/fast"
/usr/bin/make -f CMakeFiles/cmTC_4f88b.dir/build.make CMakeFiles/cmTC_4f88b.dir/build
make[1]: Entering directory '/home/hadoop/Bjz_workplace/srsLTE-github/srsLTE-vscode/build/CMakeFiles/CMakeTmp'
Building CXX object CMakeFiles/cmTC_4f88b.dir/testCXXCompiler.cxx.o
/usr/bin/x86_64-linux-gnu-g++-5      -o CMakeFiles/cmTC_4f88b.dir/testCXXCompiler.cxx.o -c /home/hadoop/Bjz_workplace/srsLTE-github/srsLTE-vscode/build/CMakeFiles/CMakeTmp/testCXXCompiler.cxx
Linking CXX executable cmTC_4f88b
/usr/bin/cmake -E cmake_link_script CMakeFiles/cmTC_4f88b.dir/link.txt --verbose=1
/usr/bin/x86_64-linux-gnu-g++-5        CMakeFiles/cmTC_4f88b.dir/testCXXCompiler.cxx.o  -o cmTC_4f88b -rdynamic 
make[1]: Leaving directory '/home/hadoop/Bjz_workplace/srsLTE-github/srsLTE-vscode/build/CMakeFiles/CMakeTmp'


Detecting CXX compiler ABI info compiled with the following output:
Change Dir: /home/hadoop/Bjz_workplace/srsLTE-github/srsLTE-vscode/build/CMakeFiles/CMakeTmp

Run Build Command:"/usr/bin/make" "cmTC_9ee62/fast"
/usr/bin/make -f CMakeFiles/cmTC_9ee62.dir/build.make CMakeFiles/cmTC_9ee62.dir/build
make[1]: Entering directory '/home/hadoop/Bjz_workplace/srsLTE-github/srsLTE-vscode/build/CMakeFiles/CMakeTmp'
Building CXX object CMakeFiles/cmTC_9ee62.dir/CMakeCXXCompilerABI.cpp.o
/usr/bin/x86_64-linux-gnu-g++-5      -o CMakeFiles/cmTC_9ee62.dir/CMakeCXXCompilerABI.cpp.o -c /usr/share/cmake-3.5/Modules/CMakeCXXCompilerABI.cpp
Linking CXX executable cmTC_9ee62
/usr/bin/cmake -E cmake_link_script CMakeFiles/cmTC_9ee62.dir/link.txt --verbose=1
/usr/bin/x86_64-linux-gnu-g++-5       -v CMakeFiles/cmTC_9ee62.dir/CMakeCXXCompilerABI.cpp.o  -o cmTC_9ee62 -rdynamic  
Using built-in specs.
COLLECT_GCC=/usr/bin/x86_64-linux-gnu-g++-5
COLLECT_LTO_WRAPPER=/usr/lib/gcc/x86_64-linux-gnu/5/lto-wrapper
Target: x86_64-linux-gnu
Configured with: ../src/configure -v --with-pkgversion='Ubuntu 5.4.0-6ubuntu1~16.04.12' --with-bugurl=file:///usr/share/doc/gcc-5/README.Bugs --enable-languages=c,ada,c++,java,go,d,fortran,objc,obj-c++ --prefix=/usr --program-suffix=-5 --enable-shared --enable-linker-build-id --libexecdir=/usr/lib --without-included-gettext --enable-threads=posix --libdir=/usr/lib --enable-nls --with-sysroot=/ --enable-clocale=gnu --enable-libstdcxx-debug --enable-libstdcxx-time=yes --with-default-libstdcxx-abi=new --enable-gnu-unique-object --disable-vtable-verify --enable-libmpx --enable-plugin --with-system-zlib --disable-browser-plugin --enable-java-awt=gtk --enable-gtk-cairo --with-java-home=/usr/lib/jvm/java-1.5.0-gcj-5-amd64/jre --enable-java-home --with-jvm-root-dir=/usr/lib/jvm/java-1.5.0-gcj-5-amd64 --with-jvm-jar-dir=/usr/lib/jvm-exports/java-1.5.0-gcj-5-amd64 --with-arch-directory=amd64 --with-ecj-jar=/usr/share/java/eclipse-ecj.jar --enable-objc-gc --enable-multiarch --disable-werror --with-arch-32=i686 --with-abi=m64 --with-multilib-list=m32,m64,mx32 --enable-multilib --with-tune=generic --enable-checking=release --build=x86_64-linux-gnu --host=x86_64-linux-gnu --target=x86_64-linux-gnu
Thread model: posix
gcc version 5.4.0 20160609 (Ubuntu 5.4.0-6ubuntu1~16.04.12) 
COMPILER_PATH=/usr/lib/gcc/x86_64-linux-gnu/5/:/usr/lib/gcc/x86_64-linux-gnu/5/:/usr/lib/gcc/x86_64-linux-gnu/:/usr/lib/gcc/x86_64-linux-gnu/5/:/usr/lib/gcc/x86_64-linux-gnu/
LIBRARY_PATH=/usr/lib/gcc/x86_64-linux-gnu/5/:/usr/lib/gcc/x86_64-linux-gnu/5/../../../x86_64-linux-gnu/:/usr/lib/gcc/x86_64-linux-gnu/5/../../../../lib/:/lib/x86_64-linux-gnu/:/lib/../lib/:/usr/lib/x86_64-linux-gnu/:/usr/lib/../lib/:/usr/lib/gcc/x86_64-linux-gnu/5/../../../:/lib/:/usr/lib/
COLLECT_GCC_OPTIONS='-v' '-o' 'cmTC_9ee62' '-rdynamic' '-shared-libgcc' '-mtune=generic' '-march=x86-64'
 /usr/lib/gcc/x86_64-linux-gnu/5/collect2 -plugin /usr/lib/gcc/x86_64-linux-gnu/5/liblto_plugin.so -plugin-opt=/usr/lib/gcc/x86_64-linux-gnu/5/lto-wrapper -plugin-opt=-fresolution=/tmp/ccisrUcU.res -plugin-opt=-pass-through=-lgcc_s -plugin-opt=-pass-through=-lgcc -plugin-opt=-pass-through=-lc -plugin-opt=-pass-through=-lgcc_s -plugin-opt=-pass-through=-lgcc --sysroot=/ --build-id --eh-frame-hdr -m elf_x86_64 --hash-style=gnu --as-needed -export-dynamic -dynamic-linker /lib64/ld-linux-x86-64.so.2 -z relro -o cmTC_9ee62 /usr/lib/gcc/x86_64-linux-gnu/5/../../../x86_64-linux-gnu/crt1.o /usr/lib/gcc/x86_64-linux-gnu/5/../../../x86_64-linux-gnu/crti.o /usr/lib/gcc/x86_64-linux-gnu/5/crtbegin.o -L/usr/lib/gcc/x86_64-linux-gnu/5 -L/usr/lib/gcc/x86_64-linux-gnu/5/../../../x86_64-linux-gnu -L/usr/lib/gcc/x86_64-linux-gnu/5/../../../../lib -L/lib/x86_64-linux-gnu -L/lib/../lib -L/usr/lib/x86_64-linux-gnu -L/usr/lib/../lib -L/usr/lib/gcc/x86_64-linux-gnu/5/../../.. CMakeFiles/cmTC_9ee62.dir/CMakeCXXCompilerABI.cpp.o -lstdc++ -lm -lgcc_s -lgcc -lc -lgcc_s -lgcc /usr/lib/gcc/x86_64-linux-gnu/5/crtend.o /usr/lib/gcc/x86_64-linux-gnu/5/../../../x86_64-linux-gnu/crtn.o
make[1]: Leaving directory '/home/hadoop/Bjz_workplace/srsLTE-github/srsLTE-vscode/build/CMakeFiles/CMakeTmp'


Parsed CXX implicit link information from above output:
  link line regex: [^( *|.*[/\])(ld|([^/\]+-)?ld|collect2)[^/\]*( |$)]
  ignore line: [Change Dir: /home/hadoop/Bjz_workplace/srsLTE-github/srsLTE-vscode/build/CMakeFiles/CMakeTmp]
  ignore line: []
  ignore line: [Run Build Command:"/usr/bin/make" "cmTC_9ee62/fast"]
  ignore line: [/usr/bin/make -f CMakeFiles/cmTC_9ee62.dir/build.make CMakeFiles/cmTC_9ee62.dir/build]
  ignore line: [make[1]: Entering directory '/home/hadoop/Bjz_workplace/srsLTE-github/srsLTE-vscode/build/CMakeFiles/CMakeTmp']
  ignore line: [Building CXX object CMakeFiles/cmTC_9ee62.dir/CMakeCXXCompilerABI.cpp.o]
  ignore line: [/usr/bin/x86_64-linux-gnu-g++-5      -o CMakeFiles/cmTC_9ee62.dir/CMakeCXXCompilerABI.cpp.o -c /usr/share/cmake-3.5/Modules/CMakeCXXCompilerABI.cpp]
  ignore line: [Linking CXX executable cmTC_9ee62]
  ignore line: [/usr/bin/cmake -E cmake_link_script CMakeFiles/cmTC_9ee62.dir/link.txt --verbose=1]
  ignore line: [/usr/bin/x86_64-linux-gnu-g++-5       -v CMakeFiles/cmTC_9ee62.dir/CMakeCXXCompilerABI.cpp.o  -o cmTC_9ee62 -rdynamic  ]
  ignore line: [Using built-in specs.]
  ignore line: [COLLECT_GCC=/usr/bin/x86_64-linux-gnu-g++-5]
  ignore line: [COLLECT_LTO_WRAPPER=/usr/lib/gcc/x86_64-linux-gnu/5/lto-wrapper]
  ignore line: [Target: x86_64-linux-gnu]
  ignore line: [Configured with: ../src/configure -v --with-pkgversion='Ubuntu 5.4.0-6ubuntu1~16.04.12' --with-bugurl=file:///usr/share/doc/gcc-5/README.Bugs --enable-languages=c,ada,c++,java,go,d,fortran,objc,obj-c++ --prefix=/usr --program-suffix=-5 --enable-shared --enable-linker-build-id --libexecdir=/usr/lib --without-included-gettext --enable-threads=posix --libdir=/usr/lib --enable-nls --with-sysroot=/ --enable-clocale=gnu --enable-libstdcxx-debug --enable-libstdcxx-time=yes --with-default-libstdcxx-abi=new --enable-gnu-unique-object --disable-vtable-verify --enable-libmpx --enable-plugin --with-system-zlib --disable-browser-plugin --enable-java-awt=gtk --enable-gtk-cairo --with-java-home=/usr/lib/jvm/java-1.5.0-gcj-5-amd64/jre --enable-java-home --with-jvm-root-dir=/usr/lib/jvm/java-1.5.0-gcj-5-amd64 --with-jvm-jar-dir=/usr/lib/jvm-exports/java-1.5.0-gcj-5-amd64 --with-arch-directory=amd64 --with-ecj-jar=/usr/share/java/eclipse-ecj.jar --enable-objc-gc --enable-multiarch --disable-werror --with-arch-32=i686 --with-abi=m64 --with-multilib-list=m32,m64,mx32 --enable-multilib --with-tune=generic --enable-checking=release --build=x86_64-linux-gnu --host=x86_64-linux-gnu --target=x86_64-linux-gnu]
  ignore line: [Thread model: posix]
  ignore line: [gcc version 5.4.0 20160609 (Ubuntu 5.4.0-6ubuntu1~16.04.12) ]
  ignore line: [COMPILER_PATH=/usr/lib/gcc/x86_64-linux-gnu/5/:/usr/lib/gcc/x86_64-linux-gnu/5/:/usr/lib/gcc/x86_64-linux-gnu/:/usr/lib/gcc/x86_64-linux-gnu/5/:/usr/lib/gcc/x86_64-linux-gnu/]
  ignore line: [LIBRARY_PATH=/usr/lib/gcc/x86_64-linux-gnu/5/:/usr/lib/gcc/x86_64-linux-gnu/5/../../../x86_64-linux-gnu/:/usr/lib/gcc/x86_64-linux-gnu/5/../../../../lib/:/lib/x86_64-linux-gnu/:/lib/../lib/:/usr/lib/x86_64-linux-gnu/:/usr/lib/../lib/:/usr/lib/gcc/x86_64-linux-gnu/5/../../../:/lib/:/usr/lib/]
  ignore line: [COLLECT_GCC_OPTIONS='-v' '-o' 'cmTC_9ee62' '-rdynamic' '-shared-libgcc' '-mtune=generic' '-march=x86-64']
  link line: [ /usr/lib/gcc/x86_64-linux-gnu/5/collect2 -plugin /usr/lib/gcc/x86_64-linux-gnu/5/liblto_plugin.so -plugin-opt=/usr/lib/gcc/x86_64-linux-gnu/5/lto-wrapper -plugin-opt=-fresolution=/tmp/ccisrUcU.res -plugin-opt=-pass-through=-lgcc_s -plugin-opt=-pass-through=-lgcc -plugin-opt=-pass-through=-lc -plugin-opt=-pass-through=-lgcc_s -plugin-opt=-pass-through=-lgcc --sysroot=/ --build-id --eh-frame-hdr -m elf_x86_64 --hash-style=gnu --as-needed -export-dynamic -dynamic-linker /lib64/ld-linux-x86-64.so.2 -z relro -o cmTC_9ee62 /usr/lib/gcc/x86_64-linux-gnu/5/../../../x86_64-linux-gnu/crt1.o /usr/lib/gcc/x86_64-linux-gnu/5/../../../x86_64-linux-gnu/crti.o /usr/lib/gcc/x86_64-linux-gnu/5/crtbegin.o -L/usr/lib/gcc/x86_64-linux-gnu/5 -L/usr/lib/gcc/x86_64-linux-gnu/5/../../../x86_64-linux-gnu -L/usr/lib/gcc/x86_64-linux-gnu/5/../../../../lib -L/lib/x86_64-linux-gnu -L/lib/../lib -L/usr/lib/x86_64-linux-gnu -L/usr/lib/../lib -L/usr/lib/gcc/x86_64-linux-gnu/5/../../.. CMakeFiles/cmTC_9ee62.dir/CMakeCXXCompilerABI.cpp.o -lstdc++ -lm -lgcc_s -lgcc -lc -lgcc_s -lgcc /usr/lib/gcc/x86_64-linux-gnu/5/crtend.o /usr/lib/gcc/x86_64-linux-gnu/5/../../../x86_64-linux-gnu/crtn.o]
    arg [/usr/lib/gcc/x86_64-linux-gnu/5/collect2] ==> ignore
    arg [-plugin] ==> ignore
    arg [/usr/lib/gcc/x86_64-linux-gnu/5/liblto_plugin.so] ==> ignore
    arg [-plugin-opt=/usr/lib/gcc/x86_64-linux-gnu/5/lto-wrapper] ==> ignore
    arg [-plugin-opt=-fresolution=/tmp/ccisrUcU.res] ==> ignore
    arg [-plugin-opt=-pass-through=-lgcc_s] ==> ignore
    arg [-plugin-opt=-pass-through=-lgcc] ==> ignore
    arg [-plugin-opt=-pass-through=-lc] ==> ignore
    arg [-plugin-opt=-pass-through=-lgcc_s] ==> ignore
    arg [-plugin-opt=-pass-through=-lgcc] ==> ignore
    arg [--sysroot=/] ==> ignore
    arg [--build-id] ==> ignore
    arg [--eh-frame-hdr] ==> ignore
    arg [-m] ==> ignore
    arg [elf_x86_64] ==> ignore
    arg [--hash-style=gnu] ==> ignore
    arg [--as-needed] ==> ignore
    arg [-export-dynamic] ==> ignore
    arg [-dynamic-linker] ==> ignore
    arg [/lib64/ld-linux-x86-64.so.2] ==> ignore
    arg [-zrelro] ==> ignore
    arg [-o] ==> ignore
    arg [cmTC_9ee62] ==> ignore
    arg [/usr/lib/gcc/x86_64-linux-gnu/5/../../../x86_64-linux-gnu/crt1.o] ==> ignore
    arg [/usr/lib/gcc/x86_64-linux-gnu/5/../../../x86_64-linux-gnu/crti.o] ==> ignore
    arg [/usr/lib/gcc/x86_64-linux-gnu/5/crtbegin.o] ==> ignore
    arg [-L/usr/lib/gcc/x86_64-linux-gnu/5] ==> dir [/usr/lib/gcc/x86_64-linux-gnu/5]
    arg [-L/usr/lib/gcc/x86_64-linux-gnu/5/../../../x86_64-linux-gnu] ==> dir [/usr/lib/gcc/x86_64-linux-gnu/5/../../../x86_64-linux-gnu]
    arg [-L/usr/lib/gcc/x86_64-linux-gnu/5/../../../../lib] ==> dir [/usr/lib/gcc/x86_64-linux-gnu/5/../../../../lib]
    arg [-L/lib/x86_64-linux-gnu] ==> dir [/lib/x86_64-linux-gnu]
    arg [-L/lib/../lib] ==> dir [/lib/../lib]
    arg [-L/usr/lib/x86_64-linux-gnu] ==> dir [/usr/lib/x86_64-linux-gnu]
    arg [-L/usr/lib/../lib] ==> dir [/usr/lib/../lib]
    arg [-L/usr/lib/gcc/x86_64-linux-gnu/5/../../..] ==> dir [/usr/lib/gcc/x86_64-linux-gnu/5/../../..]
    arg [CMakeFiles/cmTC_9ee62.dir/CMakeCXXCompilerABI.cpp.o] ==> ignore
    arg [-lstdc++] ==> lib [stdc++]
    arg [-lm] ==> lib [m]
    arg [-lgcc_s] ==> lib [gcc_s]
    arg [-lgcc] ==> lib [gcc]
    arg [-lc] ==> lib [c]
    arg [-lgcc_s] ==> lib [gcc_s]
    arg [-lgcc] ==> lib [gcc]
    arg [/usr/lib/gcc/x86_64-linux-gnu/5/crtend.o] ==> ignore
    arg [/usr/lib/gcc/x86_64-linux-gnu/5/../../../x86_64-linux-gnu/crtn.o] ==> ignore
  remove lib [gcc_s]
  remove lib [gcc]
  remove lib [gcc_s]
  remove lib [gcc]
  collapse library dir [/usr/lib/gcc/x86_64-linux-gnu/5] ==> [/usr/lib/gcc/x86_64-linux-gnu/5]
  collapse library dir [/usr/lib/gcc/x86_64-linux-gnu/5/../../../x86_64-linux-gnu] ==> [/usr/lib/x86_64-linux-gnu]
  collapse library dir [/usr/lib/gcc/x86_64-linux-gnu/5/../../../../lib] ==> [/usr/lib]
  collapse library dir [/lib/x86_64-linux-gnu] ==> [/lib/x86_64-linux-gnu]
  collapse library dir [/lib/../lib] ==> [/lib]
  collapse library dir [/usr/lib/x86_64-linux-gnu] ==> [/usr/lib/x86_64-linux-gnu]
  collapse library dir [/usr/lib/../lib] ==> [/usr/lib]
  collapse library dir [/usr/lib/gcc/x86_64-linux-gnu/5/../../..] ==> [/usr/lib]
  implicit libs: [stdc++;m;c]
  implicit dirs: [/usr/lib/gcc/x86_64-linux-gnu/5;/usr/lib/x86_64-linux-gnu;/usr/lib;/lib/x86_64-linux-gnu;/lib]
  implicit fwks: []




Detecting CXX [-std=c++14] compiler features compiled with the following output:
Change Dir: /home/hadoop/Bjz_workplace/srsLTE-github/srsLTE-vscode/build/CMakeFiles/CMakeTmp

Run Build Command:"/usr/bin/make" "cmTC_bd718/fast"
/usr/bin/make -f CMakeFiles/cmTC_bd718.dir/build.make CMakeFiles/cmTC_bd718.dir/build
make[1]: Entering directory '/home/hadoop/Bjz_workplace/srsLTE-github/srsLTE-vscode/build/CMakeFiles/CMakeTmp'
Building CXX object CMakeFiles/cmTC_bd718.dir/feature_tests.cxx.o
/usr/bin/x86_64-linux-gnu-g++-5     -std=c++14 -o CMakeFiles/cmTC_bd718.dir/feature_tests.cxx.o -c /home/hadoop/Bjz_workplace/srsLTE-github/srsLTE-vscode/build/CMakeFiles/feature_tests.cxx
Linking CXX executable cmTC_bd718
/usr/bin/cmake -E cmake_link_script CMakeFiles/cmTC_bd718.dir/link.txt --verbose=1
/usr/bin/x86_64-linux-gnu-g++-5        CMakeFiles/cmTC_bd718.dir/feature_tests.cxx.o  -o cmTC_bd718 -rdynamic 
make[1]: Leaving directory '/home/hadoop/Bjz_workplace/srsLTE-github/srsLTE-vscode/build/CMakeFiles/CMakeTmp'


    Feature record: CXX_FEATURE:1cxx_aggregate_default_initializers
    Feature record: CXX_FEATURE:1cxx_alias_templates
    Feature record: CXX_FEATURE:1cxx_alignas
    Feature record: CXX_FEATURE:1cxx_alignof
    Feature record: CXX_FEATURE:1cxx_attributes
    Feature record: CXX_FEATURE:1cxx_attribute_deprecated
    Feature record: CXX_FEATURE:1cxx_auto_type
    Feature record: CXX_FEATURE:1cxx_binary_literals
    Feature record: CXX_FEATURE:1cxx_constexpr
    Feature record: CXX_FEATURE:1cxx_contextual_conversions
    Feature record: CXX_FEATURE:1cxx_decltype
    Feature record: CXX_FEATURE:1cxx_decltype_auto
    Feature record: CXX_FEATURE:1cxx_decltype_incomplete_return_types
    Feature record: CXX_FEATURE:1cxx_default_function_template_args
    Feature record: CXX_FEATURE:1cxx_defaulted_functions
    Feature record: CXX_FEATURE:1cxx_defaulted_move_initializers
    Feature record: CXX_FEATURE:1cxx_delegating_constructors
    Feature record: CXX_FEATURE:1cxx_deleted_functions
    Feature record: CXX_FEATURE:1cxx_digit_separators
    Feature record: CXX_FEATURE:1cxx_enum_forward_declarations
    Feature record: CXX_FEATURE:1cxx_explicit_conversions
    Feature record: CXX_FEATURE:1cxx_extended_friend_declarations
    Feature record: CXX_FEATURE:1cxx_extern_templates
    Feature record: CXX_FEATURE:1cxx_final
    Feature record: CXX_FEATURE:1cxx_func_identifier
    Feature record: CXX_FEATURE:1cxx_generalized_initializers
    Feature record: CXX_FEATURE:1cxx_generic_lambdas
    Feature record: CXX_FEATURE:1cxx_inheriting_constructors
    Feature record: CXX_FEATURE:1cxx_inline_namespaces
    Feature record: CXX_FEATURE:1cxx_lambdas
    Feature record: CXX_FEATURE:1cxx_lambda_init_captures
    Feature record: CXX_FEATURE:1cxx_local_type_template_args
    Feature record: CXX_FEATURE:1cxx_long_long_type
    Feature record: CXX_FEATURE:1cxx_noexcept
    Feature record: CXX_FEATURE:1cxx_nonstatic_member_init
    Feature record: CXX_FEATURE:1cxx_nullptr
    Feature record: CXX_FEATURE:1cxx_override
    Feature record: CXX_FEATURE:1cxx_range_for
    Feature record: CXX_FEATURE:1cxx_raw_string_literals
    Feature record: CXX_FEATURE:1cxx_reference_qualified_functions
    Feature record: CXX_FEATURE:1cxx_relaxed_constexpr
    Feature record: CXX_FEATURE:1cxx_return_type_deduction
    Feature record: CXX_FEATURE:1cxx_right_angle_brackets
    Feature record: CXX_FEATURE:1cxx_rvalue_references
    Feature record: CXX_FEATURE:1cxx_sizeof_member
    Feature record: CXX_FEATURE:1cxx_static_assert
    Feature record: CXX_FEATURE:1cxx_strong_enums
    Feature record: CXX_FEATURE:1cxx_template_template_parameters
    Feature record: CXX_FEATURE:1cxx_thread_local
    Feature record: CXX_FEATURE:1cxx_trailing_return_types
    Feature record: CXX_FEATURE:1cxx_unicode_literals
    Feature record: CXX_FEATURE:1cxx_uniform_initialization
    Feature record: CXX_FEATURE:1cxx_unrestricted_unions
    Feature record: CXX_FEATURE:1cxx_user_literals
    Feature record: CXX_FEATURE:1cxx_variable_templates
    Feature record: CXX_FEATURE:1cxx_variadic_macros
    Feature record: CXX_FEATURE:1cxx_variadic_templates


Detecting CXX [-std=c++11] compiler features compiled with the following output:
Change Dir: /home/hadoop/Bjz_workplace/srsLTE-github/srsLTE-vscode/build/CMakeFiles/CMakeTmp

Run Build Command:"/usr/bin/make" "cmTC_ccad9/fast"
/usr/bin/make -f CMakeFiles/cmTC_ccad9.dir/build.make CMakeFiles/cmTC_ccad9.dir/build
make[1]: Entering directory '/home/hadoop/Bjz_workplace/srsLTE-github/srsLTE-vscode/build/CMakeFiles/CMakeTmp'
Building CXX object CMakeFiles/cmTC_ccad9.dir/feature_tests.cxx.o
/usr/bin/x86_64-linux-gnu-g++-5     -std=c++11 -o CMakeFiles/cmTC_ccad9.dir/feature_tests.cxx.o -c /home/hadoop/Bjz_workplace/srsLTE-github/srsLTE-vscode/build/CMakeFiles/feature_tests.cxx
Linking CXX executable cmTC_ccad9
/usr/bin/cmake -E cmake_link_script CMakeFiles/cmTC_ccad9.dir/link.txt --verbose=1
/usr/bin/x86_64-linux-gnu-g++-5        CMakeFiles/cmTC_ccad9.dir/feature_tests.cxx.o  -o cmTC_ccad9 -rdynamic 
make[1]: Leaving directory '/home/hadoop/Bjz_workplace/srsLTE-github/srsLTE-vscode/build/CMakeFiles/CMakeTmp'


    Feature record: CXX_FEATURE:0cxx_aggregate_default_initializers
    Feature record: CXX_FEATURE:1cxx_alias_templates
    Feature record: CXX_FEATURE:1cxx_alignas
    Feature record: CXX_FEATURE:1cxx_alignof
    Feature record: CXX_FEATURE:1cxx_attributes
    Feature record: CXX_FEATURE:0cxx_attribute_deprecated
    Feature record: CXX_FEATURE:1cxx_auto_type
    Feature record: CXX_FEATURE:0cxx_binary_literals
    Feature record: CXX_FEATURE:1cxx_constexpr
    Feature record: CXX_FEATURE:0cxx_contextual_conversions
    Feature record: CXX_FEATURE:1cxx_decltype
    Feature record: CXX_FEATURE:0cxx_decltype_auto
    Feature record: CXX_FEATURE:1cxx_decltype_incomplete_return_types
    Feature record: CXX_FEATURE:1cxx_default_function_template_args
    Feature record: CXX_FEATURE:1cxx_defaulted_functions
    Feature record: CXX_FEATURE:1cxx_defaulted_move_initializers
    Feature record: CXX_FEATURE:1cxx_delegating_constructors
    Feature record: CXX_FEATURE:1cxx_deleted_functions
    Feature record: CXX_FEATURE:0cxx_digit_separators
    Feature record: CXX_FEATURE:1cxx_enum_forward_declarations
    Feature record: CXX_FEATURE:1cxx_explicit_conversions
    Feature record: CXX_FEATURE:1cxx_extended_friend_declarations
    Feature record: CXX_FEATURE:1cxx_extern_templates
    Feature record: CXX_FEATURE:1cxx_final
    Feature record: CXX_FEATURE:1cxx_func_identifier
    Feature record: CXX_FEATURE:1cxx_generalized_initializers
    Feature record: CXX_FEATURE:0cxx_generic_lambdas
    Feature record: CXX_FEATURE:1cxx_inheriting_constructors
    Feature record: CXX_FEATURE:1cxx_inline_namespaces
    Feature record: CXX_FEATURE:1cxx_lambdas
    Feature record: CXX_FEATURE:0cxx_lambda_init_captures
    Feature record: CXX_FEATURE:1cxx_local_type_template_args
    Feature record: CXX_FEATURE:1cxx_long_long_type
    Feature record: CXX_FEATURE:1cxx_noexcept
    Feature record: CXX_FEATURE:1cxx_nonstatic_member_init
    Feature record: CXX_FEATURE:1cxx_nullptr
    Feature record: CXX_FEATURE:1cxx_override
    Feature record: CXX_FEATURE:1cxx_range_for
    Feature record: CXX_FEATURE:1cxx_raw_string_literals
    Feature record: CXX_FEATURE:1cxx_reference_qualified_functions
    Feature record: CXX_FEATURE:0cxx_relaxed_constexpr
    Feature record: CXX_FEATURE:0cxx_return_type_deduction
    Feature record: CXX_FEATURE:1cxx_right_angle_brackets
    Feature record: CXX_FEATURE:1cxx_rvalue_references
    Feature record: CXX_FEATURE:1cxx_sizeof_member
    Feature record: CXX_FEATURE:1cxx_static_assert
    Feature record: CXX_FEATURE:1cxx_strong_enums
    Feature record: CXX_FEATURE:1cxx_template_template_parameters
    Feature record: CXX_FEATURE:1cxx_thread_local
    Feature record: CXX_FEATURE:1cxx_trailing_return_types
    Feature record: CXX_FEATURE:1cxx_unicode_literals
    Feature record: CXX_FEATURE:1cxx_uniform_initialization
    Feature record: CXX_FEATURE:1cxx_unrestricted_unions
    Feature record: CXX_FEATURE:1cxx_user_literals
    Feature record: CXX_FEATURE:0cxx_variable_templates
    Feature record: CXX_FEATURE:1cxx_variadic_macros
    Feature record: CXX_FEATURE:1cxx_variadic_templates


Detecting CXX [-std=c++98] compiler features compiled with the following output:
Change Dir: /home/hadoop/Bjz_workplace/srsLTE-github/srsLTE-vscode/build/CMakeFiles/CMakeTmp

Run Build Command:"/usr/bin/make" "cmTC_e08c6/fast"
/usr/bin/make -f CMakeFiles/cmTC_e08c6.dir/build.make CMakeFiles/cmTC_e08c6.dir/build
make[1]: Entering directory '/home/hadoop/Bjz_workplace/srsLTE-github/srsLTE-vscode/build/CMakeFiles/CMakeTmp'
Building CXX object CMakeFiles/cmTC_e08c6.dir/feature_tests.cxx.o
/usr/bin/x86_64-linux-gnu-g++-5     -std=c++98 -o CMakeFiles/cmTC_e08c6.dir/feature_tests.cxx.o -c /home/hadoop/Bjz_workplace/srsLTE-github/srsLTE-vscode/build/CMakeFiles/feature_tests.cxx
Linking CXX executable cmTC_e08c6
/usr/bin/cmake -E cmake_link_script CMakeFiles/cmTC_e08c6.dir/link.txt --verbose=1
/usr/bin/x86_64-linux-gnu-g++-5        CMakeFiles/cmTC_e08c6.dir/feature_tests.cxx.o  -o cmTC_e08c6 -rdynamic 
make[1]: Leaving directory '/home/hadoop/Bjz_workplace/srsLTE-github/srsLTE-vscode/build/CMakeFiles/CMakeTmp'


    Feature record: CXX_FEATURE:0cxx_aggregate_default_initializers
    Feature record: CXX_FEATURE:0cxx_alias_templates
    Feature record: CXX_FEATURE:0cxx_alignas
    Feature record: CXX_FEATURE:0cxx_alignof
    Feature record: CXX_FEATURE:0cxx_attributes
    Feature record: CXX_FEATURE:0cxx_attribute_deprecated
    Feature record: CXX_FEATURE:0cxx_auto_type
    Feature record: CXX_FEATURE:0cxx_binary_literals
    Feature record: CXX_FEATURE:0cxx_constexpr
    Feature record: CXX_FEATURE:0cxx_contextual_conversions
    Feature record: CXX_FEATURE:0cxx_decltype
    Feature record: CXX_FEATURE:0cxx_decltype_auto
    Feature record: CXX_FEATURE:0cxx_decltype_incomplete_return_types
    Feature record: CXX_FEATURE:0cxx_default_function_template_args
    Feature record: CXX_FEATURE:0cxx_defaulted_functions
    Feature record: CXX_FEATURE:0cxx_defaulted_move_initializers
    Feature record: CXX_FEATURE:0cxx_delegating_constructors
    Feature record: CXX_FEATURE:0cxx_deleted_functions
    Feature record: CXX_FEATURE:0cxx_digit_separators
    Feature record: CXX_FEATURE:0cxx_enum_forward_declarations
    Feature record: CXX_FEATURE:0cxx_explicit_conversions
    Feature record: CXX_FEATURE:0cxx_extended_friend_declarations
    Feature record: CXX_FEATURE:0cxx_extern_templates
    Feature record: CXX_FEATURE:0cxx_final
    Feature record: CXX_FEATURE:0cxx_func_identifier
    Feature record: CXX_FEATURE:0cxx_generalized_initializers
    Feature record: CXX_FEATURE:0cxx_generic_lambdas
    Feature record: CXX_FEATURE:0cxx_inheriting_constructors
    Feature record: CXX_FEATURE:0cxx_inline_namespaces
    Feature record: CXX_FEATURE:0cxx_lambdas
    Feature record: CXX_FEATURE:0cxx_lambda_init_captures
    Feature record: CXX_FEATURE:0cxx_local_type_template_args
    Feature record: CXX_FEATURE:0cxx_long_long_type
    Feature record: CXX_FEATURE:0cxx_noexcept
    Feature record: CXX_FEATURE:0cxx_nonstatic_member_init
    Feature record: CXX_FEATURE:0cxx_nullptr
    Feature record: CXX_FEATURE:0cxx_override
    Feature record: CXX_FEATURE:0cxx_range_for
    Feature record: CXX_FEATURE:0cxx_raw_string_literals
    Feature record: CXX_FEATURE:0cxx_reference_qualified_functions
    Feature record: CXX_FEATURE:0cxx_relaxed_constexpr
    Feature record: CXX_FEATURE:0cxx_return_type_deduction
    Feature record: CXX_FEATURE:0cxx_right_angle_brackets
    Feature record: CXX_FEATURE:0cxx_rvalue_references
    Feature record: CXX_FEATURE:0cxx_sizeof_member
    Feature record: CXX_FEATURE:0cxx_static_assert
    Feature record: CXX_FEATURE:0cxx_strong_enums
    Feature record: CXX_FEATURE:1cxx_template_template_parameters
    Feature record: CXX_FEATURE:0cxx_thread_local
    Feature record: CXX_FEATURE:0cxx_trailing_return_types
    Feature record: CXX_FEATURE:0cxx_unicode_literals
    Feature record: CXX_FEATURE:0cxx_uniform_initialization
    Feature record: CXX_FEATURE:0cxx_unrestricted_unions
    Feature record: CXX_FEATURE:0cxx_user_literals
    Feature record: CXX_FEATURE:0cxx_variable_templates
    Feature record: CXX_FEATURE:0cxx_variadic_macros
    Feature record: CXX_FEATURE:0cxx_variadic_templates
Determining if the include file pthread.h exists passed with the following output:
Change Dir: /home/hadoop/Bjz_workplace/srsLTE-github/srsLTE-vscode/build/CMakeFiles/CMakeTmp

Run Build Command:"/usr/bin/make" "cmTC_3119e/fast"
/usr/bin/make -f CMakeFiles/cmTC_3119e.dir/build.make CMakeFiles/cmTC_3119e.dir/build
make[1]: Entering directory '/home/hadoop/Bjz_workplace/srsLTE-github/srsLTE-vscode/build/CMakeFiles/CMakeTmp'
Building C object CMakeFiles/cmTC_3119e.dir/CheckIncludeFile.c.o
/usr/bin/x86_64-linux-gnu-gcc-5     -o CMakeFiles/cmTC_3119e.dir/CheckIncludeFile.c.o   -c /home/hadoop/Bjz_workplace/srsLTE-github/srsLTE-vscode/build/CMakeFiles/CMakeTmp/CheckIncludeFile.c
Linking C executable cmTC_3119e
/usr/bin/cmake -E cmake_link_script CMakeFiles/cmTC_3119e.dir/link.txt --verbose=1
/usr/bin/x86_64-linux-gnu-gcc-5       CMakeFiles/cmTC_3119e.dir/CheckIncludeFile.c.o  -o cmTC_3119e -rdynamic 
make[1]: Leaving directory '/home/hadoop/Bjz_workplace/srsLTE-github/srsLTE-vscode/build/CMakeFiles/CMakeTmp'


Determining if the function pthread_create exists in the pthread passed with the following output:
Change Dir: /home/hadoop/Bjz_workplace/srsLTE-github/srsLTE-vscode/build/CMakeFiles/CMakeTmp

Run Build Command:"/usr/bin/make" "cmTC_02d53/fast"
/usr/bin/make -f CMakeFiles/cmTC_02d53.dir/build.make CMakeFiles/cmTC_02d53.dir/build
make[1]: Entering directory '/home/hadoop/Bjz_workplace/srsLTE-github/srsLTE-vscode/build/CMakeFiles/CMakeTmp'
Building C object CMakeFiles/cmTC_02d53.dir/CheckFunctionExists.c.o
/usr/bin/x86_64-linux-gnu-gcc-5    -DCHECK_FUNCTION_EXISTS=pthread_create   -o CMakeFiles/cmTC_02d53.dir/CheckFunctionExists.c.o   -c /usr/share/cmake-3.5/Modules/CheckFunctionExists.c
Linking C executable cmTC_02d53
/usr/bin/cmake -E cmake_link_script CMakeFiles/cmTC_02d53.dir/link.txt --verbose=1
/usr/bin/x86_64-linux-gnu-gcc-5   -DCHECK_FUNCTION_EXISTS=pthread_create    CMakeFiles/cmTC_02d53.dir/CheckFunctionExists.c.o  -o cmTC_02d53 -rdynamic -lpthread 
make[1]: Leaving directory '/home/hadoop/Bjz_workplace/srsLTE-github/srsLTE-vscode/build/CMakeFiles/CMakeTmp'


Performing C SOURCE FILE Test HAVE_WNO_UNUSED_BUT_SET_VARIABLE succeeded with the following output:
Change Dir: /home/hadoop/Bjz_workplace/srsLTE-github/srsLTE-vscode/build/CMakeFiles/CMakeTmp

Run Build Command:"/usr/bin/make" "cmTC_cbed1/fast"
/usr/bin/make -f CMakeFiles/cmTC_cbed1.dir/build.make CMakeFiles/cmTC_cbed1.dir/build
make[1]: Entering directory '/home/hadoop/Bjz_workplace/srsLTE-github/srsLTE-vscode/build/CMakeFiles/CMakeTmp'
Building C object CMakeFiles/cmTC_cbed1.dir/src.c.o
/usr/bin/x86_64-linux-gnu-gcc-5    -DHAVE_WNO_UNUSED_BUT_SET_VARIABLE   -Wno-unused-but-set-variable -o CMakeFiles/cmTC_cbed1.dir/src.c.o   -c /home/hadoop/Bjz_workplace/srsLTE-github/srsLTE-vscode/build/CMakeFiles/CMakeTmp/src.c
Linking C executable cmTC_cbed1
/usr/bin/cmake -E cmake_link_script CMakeFiles/cmTC_cbed1.dir/link.txt --verbose=1
/usr/bin/x86_64-linux-gnu-gcc-5   -DHAVE_WNO_UNUSED_BUT_SET_VARIABLE    CMakeFiles/cmTC_cbed1.dir/src.c.o  -o cmTC_cbed1 -rdynamic 
make[1]: Leaving directory '/home/hadoop/Bjz_workplace/srsLTE-github/srsLTE-vscode/build/CMakeFiles/CMakeTmp'

Source file was:
int main(void) { return 0; }
Performing C SOURCE FILE Test HAVE_SSE succeeded with the following output:
Change Dir: /home/hadoop/Bjz_workplace/srsLTE-github/srsLTE-vscode/build/CMakeFiles/CMakeTmp

Run Build Command:"/usr/bin/make" "cmTC_3aef9/fast"
/usr/bin/make -f CMakeFiles/cmTC_3aef9.dir/build.make CMakeFiles/cmTC_3aef9.dir/build
make[1]: Entering directory '/home/hadoop/Bjz_workplace/srsLTE-github/srsLTE-vscode/build/CMakeFiles/CMakeTmp'
Building C object CMakeFiles/cmTC_3aef9.dir/src.c.o
/usr/bin/x86_64-linux-gnu-gcc-5    -Wno-unused-but-set-variable -DHAVE_SSE -msse4.1   -o CMakeFiles/cmTC_3aef9.dir/src.c.o   -c /home/hadoop/Bjz_workplace/srsLTE-github/srsLTE-vscode/build/CMakeFiles/CMakeTmp/src.c
Linking C executable cmTC_3aef9
/usr/bin/cmake -E cmake_link_script CMakeFiles/cmTC_3aef9.dir/link.txt --verbose=1
/usr/bin/x86_64-linux-gnu-gcc-5   -Wno-unused-but-set-variable -DHAVE_SSE -msse4.1    CMakeFiles/cmTC_3aef9.dir/src.c.o  -o cmTC_3aef9 -rdynamic 
make[1]: Leaving directory '/home/hadoop/Bjz_workplace/srsLTE-github/srsLTE-vscode/build/CMakeFiles/CMakeTmp'

Return value: 1
Source file was:

        #include <emmintrin.h>
        #include <smmintrin.h>

        int main()
        {
        __m128i a = _mm_setzero_si128();
        __m128i b = _mm_minpos_epu16(a);
        return 0;
        }
Performing C SOURCE FILE Test HAVE_AVX succeeded with the following output:
Change Dir: /home/hadoop/Bjz_workplace/srsLTE-github/srsLTE-vscode/build/CMakeFiles/CMakeTmp

Run Build Command:"/usr/bin/make" "cmTC_39989/fast"
/usr/bin/make -f CMakeFiles/cmTC_39989.dir/build.make CMakeFiles/cmTC_39989.dir/build
make[1]: Entering directory '/home/hadoop/Bjz_workplace/srsLTE-github/srsLTE-vscode/build/CMakeFiles/CMakeTmp'
Building C object CMakeFiles/cmTC_39989.dir/src.c.o
/usr/bin/x86_64-linux-gnu-gcc-5    -Wno-unused-but-set-variable -DHAVE_AVX -mavx   -o CMakeFiles/cmTC_39989.dir/src.c.o   -c /home/hadoop/Bjz_workplace/srsLTE-github/srsLTE-vscode/build/CMakeFiles/CMakeTmp/src.c
Linking C executable cmTC_39989
/usr/bin/cmake -E cmake_link_script CMakeFiles/cmTC_39989.dir/link.txt --verbose=1
/usr/bin/x86_64-linux-gnu-gcc-5   -Wno-unused-but-set-variable -DHAVE_AVX -mavx    CMakeFiles/cmTC_39989.dir/src.c.o  -o cmTC_39989 -rdynamic 
make[1]: Leaving directory '/home/hadoop/Bjz_workplace/srsLTE-github/srsLTE-vscode/build/CMakeFiles/CMakeTmp'

Return value: 1
Source file was:

            #include <immintrin.h>
            int main()
            {
              __m256 a, b, c;
              const float src[8] = { 1.0f, 2.0f, 3.0f, 4.0f, 5.0f, 6.0f, 7.0f, 8.0f };
              float dst[8];
              a = _mm256_loadu_ps( src );
              b = _mm256_loadu_ps( src );
              c = _mm256_add_ps( a, b );
              _mm256_storeu_ps( dst, c );
              int i = 0;
              for( i = 0; i < 8; i++ ){
                if( ( src[i] + src[i] ) != dst[i] ){
                  return -1;
                }
              }
              return 0;
            }
Performing C SOURCE FILE Test HAVE_AVX2 succeeded with the following output:
Change Dir: /home/hadoop/Bjz_workplace/srsLTE-github/srsLTE-vscode/build/CMakeFiles/CMakeTmp

Run Build Command:"/usr/bin/make" "cmTC_8188e/fast"
/usr/bin/make -f CMakeFiles/cmTC_8188e.dir/build.make CMakeFiles/cmTC_8188e.dir/build
make[1]: Entering directory '/home/hadoop/Bjz_workplace/srsLTE-github/srsLTE-vscode/build/CMakeFiles/CMakeTmp'
Building C object CMakeFiles/cmTC_8188e.dir/src.c.o
/usr/bin/x86_64-linux-gnu-gcc-5    -Wno-unused-but-set-variable -DHAVE_AVX2 -mavx2   -o CMakeFiles/cmTC_8188e.dir/src.c.o   -c /home/hadoop/Bjz_workplace/srsLTE-github/srsLTE-vscode/build/CMakeFiles/CMakeTmp/src.c
Linking C executable cmTC_8188e
/usr/bin/cmake -E cmake_link_script CMakeFiles/cmTC_8188e.dir/link.txt --verbose=1
/usr/bin/x86_64-linux-gnu-gcc-5   -Wno-unused-but-set-variable -DHAVE_AVX2 -mavx2    CMakeFiles/cmTC_8188e.dir/src.c.o  -o cmTC_8188e -rdynamic 
make[1]: Leaving directory '/home/hadoop/Bjz_workplace/srsLTE-github/srsLTE-vscode/build/CMakeFiles/CMakeTmp'

Return value: 1
Source file was:

          #include <immintrin.h>
          int main()
          {
            __m256i a, b, c;
            const int src[8] = { 1, 2, 3, 4, 5, 6, 7, 8 };
            int dst[8];
            a =  _mm256_loadu_si256( (__m256i*)src );
            b =  _mm256_loadu_si256( (__m256i*)src );
            c = _mm256_add_epi32( a, b );
            _mm256_storeu_si256( (__m256i*)dst, c );
            int i = 0;
            for( i = 0; i < 8; i++ ){
              if( ( src[i] + src[i] ) != dst[i] ){
                return -1;
              }
            }
            return 0;
          }
Performing C SOURCE FILE Test HAVE_FMA succeeded with the following output:
Change Dir: /home/hadoop/Bjz_workplace/srsLTE-github/srsLTE-vscode/build/CMakeFiles/CMakeTmp

Run Build Command:"/usr/bin/make" "cmTC_a2ac6/fast"
/usr/bin/make -f CMakeFiles/cmTC_a2ac6.dir/build.make CMakeFiles/cmTC_a2ac6.dir/build
make[1]: Entering directory '/home/hadoop/Bjz_workplace/srsLTE-github/srsLTE-vscode/build/CMakeFiles/CMakeTmp'
Building C object CMakeFiles/cmTC_a2ac6.dir/src.c.o
/usr/bin/x86_64-linux-gnu-gcc-5    -Wno-unused-but-set-variable -DHAVE_FMA -mfma   -o CMakeFiles/cmTC_a2ac6.dir/src.c.o   -c /home/hadoop/Bjz_workplace/srsLTE-github/srsLTE-vscode/build/CMakeFiles/CMakeTmp/src.c
Linking C executable cmTC_a2ac6
/usr/bin/cmake -E cmake_link_script CMakeFiles/cmTC_a2ac6.dir/link.txt --verbose=1
/usr/bin/x86_64-linux-gnu-gcc-5   -Wno-unused-but-set-variable -DHAVE_FMA -mfma    CMakeFiles/cmTC_a2ac6.dir/src.c.o  -o cmTC_a2ac6 -rdynamic 
make[1]: Leaving directory '/home/hadoop/Bjz_workplace/srsLTE-github/srsLTE-vscode/build/CMakeFiles/CMakeTmp'

Return value: 1
Source file was:

            #include <immintrin.h>
            int main()
            {
              __m256 a, b, c, r;
              const float src[8] = { 1.0f, 2.0f, 3.0f, 4.0f, 5.0f, 6.0f, 7.0f, 8.0f };
              float dst[8];
              a = _mm256_loadu_ps( src );
              b = _mm256_loadu_ps( src );
              c = _mm256_loadu_ps( src );
              r = _mm256_fmadd_ps( a, b, c );
              _mm256_storeu_ps( dst, r );
              int i = 0;
              for( i = 0; i < 8; i++ ){
                if( ( src[i] * src[i] + src[i] ) != dst[i] ){
                  return -1;
                }
              }
              return 0;
            }
Performing C++ SOURCE FILE Test HAVE_VISIBILITY_HIDDEN_CXX succeeded with the following output:
Change Dir: /home/hadoop/Bjz_workplace/srsLTE-github/srsLTE-vscode/build/CMakeFiles/CMakeTmp

Run Build Command:"/usr/bin/make" "cmTC_3a495/fast"
/usr/bin/make -f CMakeFiles/cmTC_3a495.dir/build.make CMakeFiles/cmTC_3a495.dir/build
make[1]: Entering directory '/home/hadoop/Bjz_workplace/srsLTE-github/srsLTE-vscode/build/CMakeFiles/CMakeTmp'
Building CXX object CMakeFiles/cmTC_3a495.dir/src.cxx.o
/usr/bin/x86_64-linux-gnu-g++-5     -Wall -Wno-comment -Wno-reorder -Wno-unused-variable -Wtype-limits -std=c++11 -fno-strict-aliasing -Wno-unused-but-set-variable -march=native -mfpmath=sse -mavx2 -DLV_HAVE_AVX2 -DLV_HAVE_AVX -DLV_HAVE_SSE -DHAVE_VISIBILITY_HIDDEN_CXX -mavx512f -mavx512cd -mavx512bw -mavx512dq -DLV_HAVE_AVX512   -fvisibility=hidden -o CMakeFiles/cmTC_3a495.dir/src.cxx.o -c /home/hadoop/Bjz_workplace/srsLTE-github/srsLTE-vscode/build/CMakeFiles/CMakeTmp/src.cxx
Linking CXX executable cmTC_3a495
/usr/bin/cmake -E cmake_link_script CMakeFiles/cmTC_3a495.dir/link.txt --verbose=1
/usr/bin/x86_64-linux-gnu-g++-5    -Wall -Wno-comment -Wno-reorder -Wno-unused-variable -Wtype-limits -std=c++11 -fno-strict-aliasing -Wno-unused-but-set-variable -march=native -mfpmath=sse -mavx2 -DLV_HAVE_AVX2 -DLV_HAVE_AVX -DLV_HAVE_SSE -DHAVE_VISIBILITY_HIDDEN_CXX -mavx512f -mavx512cd -mavx512bw -mavx512dq -DLV_HAVE_AVX512    CMakeFiles/cmTC_3a495.dir/src.cxx.o  -o cmTC_3a495 -rdynamic 
make[1]: Leaving directory '/home/hadoop/Bjz_workplace/srsLTE-github/srsLTE-vscode/build/CMakeFiles/CMakeTmp'

Source file was:
int main() { return 0; }
Performing C SOURCE FILE Test HAVE_ERROR_INCOMPATIBLE succeeded with the following output:
Change Dir: /home/hadoop/Bjz_workplace/srsLTE-github/srsLTE-vscode/build/CMakeFiles/CMakeTmp

Run Build Command:"/usr/bin/make" "cmTC_eddd9/fast"
/usr/bin/make -f CMakeFiles/cmTC_eddd9.dir/build.make CMakeFiles/cmTC_eddd9.dir/build
make[1]: Entering directory '/home/hadoop/Bjz_workplace/srsLTE-github/srsLTE-vscode/build/CMakeFiles/CMakeTmp'
Building C object CMakeFiles/cmTC_eddd9.dir/src.c.o
/usr/bin/x86_64-linux-gnu-gcc-5    -Wno-unused-but-set-variable -DHAVE_ERROR_INCOMPATIBLE -mavx512f -mavx512cd -mavx512bw -mavx512dq -DLV_HAVE_AVX512   -Werror=incompatible-pointer-types -o CMakeFiles/cmTC_eddd9.dir/src.c.o   -c /home/hadoop/Bjz_workplace/srsLTE-github/srsLTE-vscode/build/CMakeFiles/CMakeTmp/src.c
Linking C executable cmTC_eddd9
/usr/bin/cmake -E cmake_link_script CMakeFiles/cmTC_eddd9.dir/link.txt --verbose=1
/usr/bin/x86_64-linux-gnu-gcc-5   -Wno-unused-but-set-variable -DHAVE_ERROR_INCOMPATIBLE -mavx512f -mavx512cd -mavx512bw -mavx512dq -DLV_HAVE_AVX512    CMakeFiles/cmTC_eddd9.dir/src.c.o  -o cmTC_eddd9 -rdynamic 
make[1]: Leaving directory '/home/hadoop/Bjz_workplace/srsLTE-github/srsLTE-vscode/build/CMakeFiles/CMakeTmp'

Source file was:
int main(void) { return 0; }
Performing C SOURCE FILE Test HAVE_VISIBILITY_HIDDEN_C succeeded with the following output:
Change Dir: /home/hadoop/Bjz_workplace/srsLTE-github/srsLTE-vscode/build/CMakeFiles/CMakeTmp

Run Build Command:"/usr/bin/make" "cmTC_bf67a/fast"
/usr/bin/make -f CMakeFiles/cmTC_bf67a.dir/build.make CMakeFiles/cmTC_bf67a.dir/build
make[1]: Entering directory '/home/hadoop/Bjz_workplace/srsLTE-github/srsLTE-vscode/build/CMakeFiles/CMakeTmp'
Building C object CMakeFiles/cmTC_bf67a.dir/src.c.o
/usr/bin/x86_64-linux-gnu-gcc-5    -Wno-unused-but-set-variable -Werror=incompatible-pointer-types -Wall -Wno-comment -Wno-write-strings -Winline -Wno-unused-result -Wformat -Wmissing-field-initializers -Wtype-limits -std=c99 -fno-strict-aliasing -D_GNU_SOURCE -O3 -fno-trapping-math -fno-math-errno -DBUILD_TYPE_RELEASE -march=native -mfpmath=sse -mavx2 -DLV_HAVE_AVX2 -DLV_HAVE_AVX -DLV_HAVE_SSE -mfma -DLV_HAVE_FMA -Ofast -funroll-loops -DHAVE_VISIBILITY_HIDDEN_C  -Wno-unused-but-set-variable -Werror=incompatible-pointer-types -Wall -Wno-comment -Wno-write-strings -Winline -Wno-unused-result -Wformat -Wmissing-field-initializers -Wtype-limits -std=c99 -fno-strict-aliasing -D_GNU_SOURCE -O3 -fno-trapping-math -fno-math-errno -DBUILD_TYPE_RELEASE -march=native -mfpmath=sse -mavx2 -DLV_HAVE_AVX2 -DLV_HAVE_AVX -DLV_HAVE_SSE -mfma -DLV_HAVE_FMA -Ofast -funroll-loops   -fvisibility=hidden -o CMakeFiles/cmTC_bf67a.dir/src.c.o   -c /home/hadoop/Bjz_workplace/srsLTE-github/srsLTE-vscode/build/CMakeFiles/CMakeTmp/src.c
Linking C executable cmTC_bf67a
/usr/bin/cmake -E cmake_link_script CMakeFiles/cmTC_bf67a.dir/link.txt --verbose=1
/usr/bin/x86_64-linux-gnu-gcc-5   -Wno-unused-but-set-variable -Werror=incompatible-pointer-types -Wall -Wno-comment -Wno-write-strings -Winline -Wno-unused-result -Wformat -Wmissing-field-initializers -Wtype-limits -std=c99 -fno-strict-aliasing -D_GNU_SOURCE -O3 -fno-trapping-math -fno-math-errno -DBUILD_TYPE_RELEASE -march=native -mfpmath=sse -mavx2 -DLV_HAVE_AVX2 -DLV_HAVE_AVX -DLV_HAVE_SSE -mfma -DLV_HAVE_FMA -Ofast -funroll-loops -DHAVE_VISIBILITY_HIDDEN_C  -Wno-unused-but-set-variable -Werror=incompatible-pointer-types -Wall -Wno-comment -Wno-write-strings -Winline -Wno-unused-result -Wformat -Wmissing-field-initializers -Wtype-limits -std=c99 -fno-strict-aliasing -D_GNU_SOURCE -O3 -fno-trapping-math -fno-math-errno -DBUILD_TYPE_RELEASE -march=native -mfpmath=sse -mavx2 -DLV_HAVE_AVX2 -DLV_HAVE_AVX -DLV_HAVE_SSE -mfma -DLV_HAVE_FMA -Ofast -funroll-loops    CMakeFiles/cmTC_bf67a.dir/src.c.o  -o cmTC_bf67a -rdynamic 
make[1]: Leaving directory '/home/hadoop/Bjz_workplace/srsLTE-github/srsLTE-vscode/build/CMakeFiles/CMakeTmp'

Source file was:
int main(void) { return 0; }
